[2016-12-24T06:51:36,630][WARN ][o.e.d.s.g.GroovyScriptEngineService] [groovy] scripts are deprecated, use [painless] scripts instead
[2016-12-24T11:20:34,814][WARN ][o.e.d.s.g.GroovyScriptEngineService] [groovy] scripts are deprecated, use [painless] scripts instead
[2016-12-25T15:15:51,984][WARN ][o.e.d.i.m.StringFieldMapper$TypeParser] The [string] field is deprecated, please use [text] or [keyword] instead on [buildNum]
[2016-12-25T15:17:08,670][WARN ][o.e.d.i.m.StringFieldMapper$TypeParser] The [string] field is deprecated, please use [text] or [keyword] instead on [title]
[2016-12-25T15:17:08,671][WARN ][o.e.d.i.m.StringFieldMapper$TypeParser] The [string] field is deprecated, please use [text] or [keyword] instead on [timeFieldName]
[2016-12-25T15:17:08,671][WARN ][o.e.d.i.m.StringFieldMapper$TypeParser] The [string] field is deprecated, please use [text] or [keyword] instead on [intervalName]
[2016-12-25T15:17:08,671][WARN ][o.e.d.i.m.StringFieldMapper$TypeParser] The [string] field is deprecated, please use [text] or [keyword] instead on [fields]
[2016-12-25T15:17:08,671][WARN ][o.e.d.i.m.StringFieldMapper$TypeParser] The [string] field is deprecated, please use [text] or [keyword] instead on [sourceFilters]
[2016-12-25T15:17:08,671][WARN ][o.e.d.i.m.StringFieldMapper$TypeParser] The [string] field is deprecated, please use [text] or [keyword] instead on [fieldFormatMap]
[2016-12-25T15:17:08,671][WARN ][o.e.d.i.m.StringFieldMapper$TypeParser] The [string] field is deprecated, please use [text] or [keyword] instead on [title]
[2016-12-25T15:17:08,672][WARN ][o.e.d.i.m.StringFieldMapper$TypeParser] The [string] field is deprecated, please use [text] or [keyword] instead on [timeFieldName]
[2016-12-25T15:17:08,672][WARN ][o.e.d.i.m.StringFieldMapper$TypeParser] The [string] field is deprecated, please use [text] or [keyword] instead on [intervalName]
[2016-12-25T15:17:08,672][WARN ][o.e.d.i.m.StringFieldMapper$TypeParser] The [string] field is deprecated, please use [text] or [keyword] instead on [fields]
[2016-12-25T15:17:08,672][WARN ][o.e.d.i.m.StringFieldMapper$TypeParser] The [string] field is deprecated, please use [text] or [keyword] instead on [sourceFilters]
[2016-12-25T15:17:08,672][WARN ][o.e.d.i.m.StringFieldMapper$TypeParser] The [string] field is deprecated, please use [text] or [keyword] instead on [fieldFormatMap]
[2016-12-25T15:20:37,504][WARN ][o.e.d.i.m.StringFieldMapper$TypeParser] The [string] field is deprecated, please use [text] or [keyword] instead on [title]
[2016-12-25T15:20:37,504][WARN ][o.e.d.i.m.StringFieldMapper$TypeParser] The [string] field is deprecated, please use [text] or [keyword] instead on [description]
[2016-12-25T15:20:37,505][WARN ][o.e.d.i.m.StringFieldMapper$TypeParser] The [string] field is deprecated, please use [text] or [keyword] instead on [columns]
[2016-12-25T15:20:37,505][WARN ][o.e.d.i.m.StringFieldMapper$TypeParser] The [string] field is deprecated, please use [text] or [keyword] instead on [sort]
[2016-12-25T15:20:37,505][WARN ][o.e.d.i.m.StringFieldMapper$TypeParser] The [string] field is deprecated, please use [text] or [keyword] instead on [searchSourceJSON]
[2016-12-25T15:20:37,505][WARN ][o.e.d.i.m.StringFieldMapper$TypeParser] The [string] field is deprecated, please use [text] or [keyword] instead on [title]
[2016-12-25T15:20:37,505][WARN ][o.e.d.i.m.StringFieldMapper$TypeParser] The [string] field is deprecated, please use [text] or [keyword] instead on [description]
[2016-12-25T15:20:37,505][WARN ][o.e.d.i.m.StringFieldMapper$TypeParser] The [string] field is deprecated, please use [text] or [keyword] instead on [columns]
[2016-12-25T15:20:37,505][WARN ][o.e.d.i.m.StringFieldMapper$TypeParser] The [string] field is deprecated, please use [text] or [keyword] instead on [sort]
[2016-12-25T15:20:37,505][WARN ][o.e.d.i.m.StringFieldMapper$TypeParser] The [string] field is deprecated, please use [text] or [keyword] instead on [searchSourceJSON]
[2016-12-25T15:24:47,067][WARN ][o.e.d.i.m.StringFieldMapper$TypeParser] The [string] field is deprecated, please use [text] or [keyword] instead on [title]
[2016-12-25T15:24:47,067][WARN ][o.e.d.i.m.StringFieldMapper$TypeParser] The [string] field is deprecated, please use [text] or [keyword] instead on [description]
[2016-12-25T15:24:47,067][WARN ][o.e.d.i.m.StringFieldMapper$TypeParser] The [string] field is deprecated, please use [text] or [keyword] instead on [panelsJSON]
[2016-12-25T15:24:47,067][WARN ][o.e.d.i.m.StringFieldMapper$TypeParser] The [string] field is deprecated, please use [text] or [keyword] instead on [optionsJSON]
[2016-12-25T15:24:47,067][WARN ][o.e.d.i.m.StringFieldMapper$TypeParser] The [string] field is deprecated, please use [text] or [keyword] instead on [uiStateJSON]
[2016-12-25T15:24:47,067][WARN ][o.e.d.i.m.StringFieldMapper$TypeParser] The [string] field is deprecated, please use [text] or [keyword] instead on [timeTo]
[2016-12-25T15:24:47,067][WARN ][o.e.d.i.m.StringFieldMapper$TypeParser] The [string] field is deprecated, please use [text] or [keyword] instead on [timeFrom]
[2016-12-25T15:24:47,067][WARN ][o.e.d.i.m.StringFieldMapper$TypeParser] The [string] field is deprecated, please use [text] or [keyword] instead on [display]
[2016-12-25T15:24:47,067][WARN ][o.e.d.i.m.StringFieldMapper$TypeParser] The [string] field is deprecated, please use [text] or [keyword] instead on [searchSourceJSON]
[2016-12-25T15:24:47,068][WARN ][o.e.d.i.m.StringFieldMapper$TypeParser] The [string] field is deprecated, please use [text] or [keyword] instead on [title]
[2016-12-25T15:24:47,068][WARN ][o.e.d.i.m.StringFieldMapper$TypeParser] The [string] field is deprecated, please use [text] or [keyword] instead on [description]
[2016-12-25T15:24:47,068][WARN ][o.e.d.i.m.StringFieldMapper$TypeParser] The [string] field is deprecated, please use [text] or [keyword] instead on [panelsJSON]
[2016-12-25T15:24:47,068][WARN ][o.e.d.i.m.StringFieldMapper$TypeParser] The [string] field is deprecated, please use [text] or [keyword] instead on [optionsJSON]
[2016-12-25T15:24:47,068][WARN ][o.e.d.i.m.StringFieldMapper$TypeParser] The [string] field is deprecated, please use [text] or [keyword] instead on [uiStateJSON]
[2016-12-25T15:24:47,068][WARN ][o.e.d.i.m.StringFieldMapper$TypeParser] The [string] field is deprecated, please use [text] or [keyword] instead on [timeTo]
[2016-12-25T15:24:47,068][WARN ][o.e.d.i.m.StringFieldMapper$TypeParser] The [string] field is deprecated, please use [text] or [keyword] instead on [timeFrom]
[2016-12-25T15:24:47,069][WARN ][o.e.d.i.m.StringFieldMapper$TypeParser] The [string] field is deprecated, please use [text] or [keyword] instead on [display]
[2016-12-25T15:24:47,069][WARN ][o.e.d.i.m.StringFieldMapper$TypeParser] The [string] field is deprecated, please use [text] or [keyword] instead on [searchSourceJSON]
[2016-12-25T15:24:50,411][WARN ][o.e.d.i.m.StringFieldMapper$TypeParser] The [string] field is deprecated, please use [text] or [keyword] instead on [title]
[2016-12-25T15:24:50,411][WARN ][o.e.d.i.m.StringFieldMapper$TypeParser] The [string] field is deprecated, please use [text] or [keyword] instead on [description]
[2016-12-25T15:24:50,411][WARN ][o.e.d.i.m.StringFieldMapper$TypeParser] The [string] field is deprecated, please use [text] or [keyword] instead on [timelion_sheet]
[2016-12-25T15:24:50,411][WARN ][o.e.d.i.m.StringFieldMapper$TypeParser] The [string] field is deprecated, please use [text] or [keyword] instead on [timelion_interval]
[2016-12-25T15:24:50,411][WARN ][o.e.d.i.m.StringFieldMapper$TypeParser] The [string] field is deprecated, please use [text] or [keyword] instead on [timelion_other_interval]
[2016-12-25T15:24:50,411][WARN ][o.e.d.i.m.StringFieldMapper$TypeParser] The [string] field is deprecated, please use [text] or [keyword] instead on [searchSourceJSON]
[2016-12-25T15:24:50,412][WARN ][o.e.d.i.m.StringFieldMapper$TypeParser] The [string] field is deprecated, please use [text] or [keyword] instead on [title]
[2016-12-25T15:24:50,412][WARN ][o.e.d.i.m.StringFieldMapper$TypeParser] The [string] field is deprecated, please use [text] or [keyword] instead on [description]
[2016-12-25T15:24:50,412][WARN ][o.e.d.i.m.StringFieldMapper$TypeParser] The [string] field is deprecated, please use [text] or [keyword] instead on [timelion_sheet]
[2016-12-25T15:24:50,412][WARN ][o.e.d.i.m.StringFieldMapper$TypeParser] The [string] field is deprecated, please use [text] or [keyword] instead on [timelion_interval]
[2016-12-25T15:24:50,412][WARN ][o.e.d.i.m.StringFieldMapper$TypeParser] The [string] field is deprecated, please use [text] or [keyword] instead on [timelion_other_interval]
[2016-12-25T15:24:50,412][WARN ][o.e.d.i.m.StringFieldMapper$TypeParser] The [string] field is deprecated, please use [text] or [keyword] instead on [searchSourceJSON]
[2016-12-25T15:24:50,727][WARN ][o.e.d.i.q.QueryParseContext] query malformed, empty clause found at [1:143]
[2016-12-25T15:25:17,081][WARN ][o.e.d.i.q.QueryParseContext] query malformed, empty clause found at [1:143]
[2016-12-25T15:31:13,478][WARN ][o.e.d.i.q.QueryParseContext] query malformed, empty clause found at [1:143]
[2016-12-25T15:38:05,788][WARN ][o.e.d.i.m.StringFieldMapper$TypeParser] The [string] field is deprecated, please use [text] or [keyword] instead on [title]
[2016-12-25T15:38:05,788][WARN ][o.e.d.i.m.StringFieldMapper$TypeParser] The [string] field is deprecated, please use [text] or [keyword] instead on [visState]
[2016-12-25T15:38:05,788][WARN ][o.e.d.i.m.StringFieldMapper$TypeParser] The [string] field is deprecated, please use [text] or [keyword] instead on [uiStateJSON]
[2016-12-25T15:38:05,788][WARN ][o.e.d.i.m.StringFieldMapper$TypeParser] The [string] field is deprecated, please use [text] or [keyword] instead on [description]
[2016-12-25T15:38:05,788][WARN ][o.e.d.i.m.StringFieldMapper$TypeParser] The [string] field is deprecated, please use [text] or [keyword] instead on [savedSearchId]
[2016-12-25T15:38:05,788][WARN ][o.e.d.i.m.StringFieldMapper$TypeParser] The [string] field is deprecated, please use [text] or [keyword] instead on [searchSourceJSON]
[2016-12-25T15:38:05,789][WARN ][o.e.d.i.m.StringFieldMapper$TypeParser] The [string] field is deprecated, please use [text] or [keyword] instead on [title]
[2016-12-25T15:38:05,789][WARN ][o.e.d.i.m.StringFieldMapper$TypeParser] The [string] field is deprecated, please use [text] or [keyword] instead on [visState]
[2016-12-25T15:38:05,789][WARN ][o.e.d.i.m.StringFieldMapper$TypeParser] The [string] field is deprecated, please use [text] or [keyword] instead on [uiStateJSON]
[2016-12-25T15:38:05,789][WARN ][o.e.d.i.m.StringFieldMapper$TypeParser] The [string] field is deprecated, please use [text] or [keyword] instead on [description]
[2016-12-25T15:38:05,789][WARN ][o.e.d.i.m.StringFieldMapper$TypeParser] The [string] field is deprecated, please use [text] or [keyword] instead on [savedSearchId]
[2016-12-25T15:38:05,789][WARN ][o.e.d.i.m.StringFieldMapper$TypeParser] The [string] field is deprecated, please use [text] or [keyword] instead on [searchSourceJSON]
[2016-12-25T15:38:51,346][WARN ][o.e.d.i.q.QueryParseContext] query malformed, empty clause found at [1:143]
[2016-12-25T15:40:58,953][WARN ][o.e.d.i.q.QueryParseContext] query malformed, empty clause found at [1:143]
[2016-12-25T15:41:06,089][WARN ][o.e.d.i.q.QueryParseContext] query malformed, empty clause found at [1:143]
[2016-12-25T15:43:22,138][WARN ][o.e.d.i.q.QueryParseContext] query malformed, empty clause found at [1:143]
[2016-12-26T10:15:17,063][WARN ][o.e.d.s.g.GroovyScriptEngineService] [groovy] scripts are deprecated, use [painless] scripts instead
[2016-12-27T03:39:19,714][WARN ][o.e.d.s.g.GroovyScriptEngineService] [groovy] scripts are deprecated, use [painless] scripts instead
[2016-12-27T05:15:28,666][WARN ][o.e.d.i.q.QueryParseContext] query malformed, empty clause found at [1:143]
[2016-12-27T05:15:35,385][WARN ][o.e.d.i.q.QueryParseContext] query malformed, empty clause found at [1:143]
[2016-12-27T05:15:35,394][WARN ][o.e.d.i.q.QueryParseContext] query malformed, empty clause found at [1:143]
[2016-12-27T05:15:36,307][WARN ][o.e.d.i.q.QueryParseContext] query malformed, empty clause found at [1:143]
[2016-12-27T05:15:36,314][WARN ][o.e.d.i.q.QueryParseContext] query malformed, empty clause found at [1:143]
[2016-12-27T05:15:36,904][WARN ][o.e.d.i.q.QueryParseContext] query malformed, empty clause found at [1:143]
[2016-12-27T05:15:36,907][WARN ][o.e.d.i.q.QueryParseContext] query malformed, empty clause found at [1:143]
[2016-12-27T05:15:37,353][WARN ][o.e.d.i.q.QueryParseContext] query malformed, empty clause found at [1:143]
[2016-12-27T05:15:37,358][WARN ][o.e.d.i.q.QueryParseContext] query malformed, empty clause found at [1:143]
[2016-12-27T20:09:25,804][WARN ][o.e.d.s.g.GroovyScriptEngineService] [groovy] scripts are deprecated, use [painless] scripts instead
[2017-01-11T22:02:15,167][WARN ][o.e.d.s.g.GroovyScriptEngineService] [groovy] scripts are deprecated, use [painless] scripts instead
[2017-01-17T23:38:32,800][WARN ][o.e.d.s.g.GroovyScriptEngineService] [groovy] scripts are deprecated, use [painless] scripts instead
