[2016-12-25T08:52:38,911][INFO ][o.e.c.m.MetaDataCreateIndexService] [EUGVp22] [request] creating index, cause [auto(index api)], templates [], shards [5]/[1], mappings []
[2016-12-25T08:52:41,103][INFO ][o.e.c.m.MetaDataMappingService] [EUGVp22] [request/wGrjgNw_TsiiJP5dYeHumQ] create_mapping [bear]
[2016-12-25T08:52:41,984][INFO ][o.e.c.m.MetaDataCreateIndexService] [EUGVp22] [uid] creating index, cause [auto(index api)], templates [], shards [5]/[1], mappings []
[2016-12-25T08:52:45,877][INFO ][o.e.c.m.MetaDataMappingService] [EUGVp22] [uid/HM43QVC6QHGGilrl_sKcqw] create_mapping [bear]
[2016-12-25T08:53:07,575][INFO ][o.e.c.m.MetaDataMappingService] [EUGVp22] [request/wGrjgNw_TsiiJP5dYeHumQ] update_mapping [bear]
[2016-12-25T09:51:29,431][INFO ][o.e.c.m.MetaDataCreateIndexService] [EUGVp22] [query] creating index, cause [auto(index api)], templates [], shards [5]/[1], mappings []
[2016-12-25T09:51:32,781][INFO ][o.e.c.m.MetaDataMappingService] [EUGVp22] [query/Ttd1fAQwRLKTgPqPMsSigA] create_mapping [bear]
[2016-12-25T12:34:21,063][INFO ][o.e.c.m.MetaDataCreateIndexService] [EUGVp22] [request] creating index, cause [auto(index api)], templates [], shards [5]/[1], mappings []
[2016-12-25T12:34:23,311][INFO ][o.e.c.m.MetaDataMappingService] [EUGVp22] [request/EkXl3_K-TQq0HPikcYZuhA] create_mapping [bear]
[2016-12-25T12:34:23,423][INFO ][o.e.c.m.MetaDataCreateIndexService] [EUGVp22] [uid] creating index, cause [auto(index api)], templates [], shards [5]/[1], mappings []
[2016-12-25T12:34:25,134][INFO ][o.e.c.m.MetaDataMappingService] [EUGVp22] [uid/sQtkOiMqTuudr5Y8AqX8Qw] create_mapping [bear]
[2016-12-25T12:34:25,702][INFO ][o.e.c.m.MetaDataMappingService] [EUGVp22] [request/EkXl3_K-TQq0HPikcYZuhA] update_mapping [bear]
[2016-12-25T12:34:54,716][INFO ][o.e.c.m.MetaDataMappingService] [EUGVp22] [request/EkXl3_K-TQq0HPikcYZuhA] update_mapping [bear]
[2016-12-25T12:58:03,968][INFO ][o.e.c.m.MetaDataCreateIndexService] [EUGVp22] [query] creating index, cause [auto(index api)], templates [], shards [5]/[1], mappings []
[2016-12-25T12:58:05,280][INFO ][o.e.c.m.MetaDataMappingService] [EUGVp22] [query/vLKJGBVIS0aYmSTy7N_n9g] create_mapping [bear]
[2016-12-25T12:58:44,507][INFO ][o.e.c.m.MetaDataCreateIndexService] [EUGVp22] [request] creating index, cause [auto(index api)], templates [], shards [5]/[1], mappings []
[2016-12-25T12:58:45,457][INFO ][o.e.c.m.MetaDataMappingService] [EUGVp22] [request/lJXfHU9YSQO1eZiCP8QZng] create_mapping [bear]
[2016-12-25T12:58:45,621][INFO ][o.e.c.m.MetaDataCreateIndexService] [EUGVp22] [uid] creating index, cause [auto(index api)], templates [], shards [5]/[1], mappings []
[2016-12-25T12:58:46,835][INFO ][o.e.c.m.MetaDataMappingService] [EUGVp22] [uid/gH3KkH1wRJyXwyBC8RRoOA] create_mapping [bear]
[2016-12-25T12:58:47,007][INFO ][o.e.c.m.MetaDataMappingService] [EUGVp22] [request/lJXfHU9YSQO1eZiCP8QZng] update_mapping [bear]
[2016-12-25T12:59:10,337][INFO ][o.e.c.m.MetaDataMappingService] [EUGVp22] [request/lJXfHU9YSQO1eZiCP8QZng] update_mapping [bear]
[2016-12-25T12:59:10,817][INFO ][o.e.c.m.MetaDataCreateIndexService] [EUGVp22] [query] creating index, cause [auto(index api)], templates [], shards [5]/[1], mappings []
[2016-12-25T12:59:12,084][INFO ][o.e.c.m.MetaDataMappingService] [EUGVp22] [query/aSrDcTDRS0e7rQM8OPnF0A] create_mapping [bear]
[2016-12-25T13:02:44,559][WARN ][r.suppressed             ] path: /request/bear/_search, params: {index=request, type=bear}
com.fasterxml.jackson.core.JsonParseException: Illegal unquoted character ((CTRL-CHAR, code 10)): has to be escaped using backslash to be included in string value
 at [Source: org.elasticsearch.transport.netty4.ByteBufStreamInput@658fe5e2; line: 4, column: 32]
	at com.fasterxml.jackson.core.JsonParser._constructError(JsonParser.java:1702) ~[jackson-core-2.8.1.jar:2.8.1]
	at com.fasterxml.jackson.core.base.ParserMinimalBase._reportError(ParserMinimalBase.java:558) ~[jackson-core-2.8.1.jar:2.8.1]
	at com.fasterxml.jackson.core.base.ParserMinimalBase._throwUnquotedSpace(ParserMinimalBase.java:522) ~[jackson-core-2.8.1.jar:2.8.1]
	at com.fasterxml.jackson.core.json.UTF8StreamJsonParser._finishString2(UTF8StreamJsonParser.java:2536) ~[jackson-core-2.8.1.jar:2.8.1]
	at com.fasterxml.jackson.core.json.UTF8StreamJsonParser._finishAndReturnString(UTF8StreamJsonParser.java:2465) ~[jackson-core-2.8.1.jar:2.8.1]
	at com.fasterxml.jackson.core.json.UTF8StreamJsonParser.getText(UTF8StreamJsonParser.java:315) ~[jackson-core-2.8.1.jar:2.8.1]
	at org.elasticsearch.common.xcontent.json.JsonXContentParser.text(JsonXContentParser.java:83) ~[elasticsearch-5.1.1.jar:5.1.1]
	at org.elasticsearch.index.query.QueryStringQueryBuilder.fromXContent(QueryStringQueryBuilder.java:752) ~[elasticsearch-5.1.1.jar:5.1.1]
	at org.elasticsearch.index.query.QueryParseContext.parseInnerQueryBuilder(QueryParseContext.java:120) ~[elasticsearch-5.1.1.jar:5.1.1]
	at org.elasticsearch.search.builder.SearchSourceBuilder.parseXContent(SearchSourceBuilder.java:994) ~[elasticsearch-5.1.1.jar:5.1.1]
	at org.elasticsearch.rest.action.search.RestSearchAction.parseSearchRequest(RestSearchAction.java:105) ~[elasticsearch-5.1.1.jar:5.1.1]
	at org.elasticsearch.rest.action.search.RestSearchAction.prepareRequest(RestSearchAction.java:81) ~[elasticsearch-5.1.1.jar:5.1.1]
	at org.elasticsearch.rest.BaseRestHandler.handleRequest(BaseRestHandler.java:66) ~[elasticsearch-5.1.1.jar:5.1.1]
	at org.elasticsearch.rest.RestController.executeHandler(RestController.java:243) ~[elasticsearch-5.1.1.jar:5.1.1]
	at org.elasticsearch.rest.RestController.dispatchRequest(RestController.java:200) [elasticsearch-5.1.1.jar:5.1.1]
	at org.elasticsearch.http.HttpServer.dispatchRequest(HttpServer.java:113) [elasticsearch-5.1.1.jar:5.1.1]
	at org.elasticsearch.http.netty4.Netty4HttpServerTransport.dispatchRequest(Netty4HttpServerTransport.java:507) [transport-netty4-5.1.1.jar:5.1.1]
	at org.elasticsearch.http.netty4.Netty4HttpRequestHandler.channelRead0(Netty4HttpRequestHandler.java:69) [transport-netty4-5.1.1.jar:5.1.1]
	at io.netty.channel.SimpleChannelInboundHandler.channelRead(SimpleChannelInboundHandler.java:105) [netty-transport-4.1.6.Final.jar:4.1.6.Final]
	at io.netty.channel.AbstractChannelHandlerContext.invokeChannelRead(AbstractChannelHandlerContext.java:373) [netty-transport-4.1.6.Final.jar:4.1.6.Final]
	at io.netty.channel.AbstractChannelHandlerContext.invokeChannelRead(AbstractChannelHandlerContext.java:359) [netty-transport-4.1.6.Final.jar:4.1.6.Final]
	at io.netty.channel.AbstractChannelHandlerContext.fireChannelRead(AbstractChannelHandlerContext.java:351) [netty-transport-4.1.6.Final.jar:4.1.6.Final]
	at org.elasticsearch.http.netty4.pipelining.HttpPipeliningHandler.channelRead(HttpPipeliningHandler.java:66) [transport-netty4-5.1.1.jar:5.1.1]
	at io.netty.channel.AbstractChannelHandlerContext.invokeChannelRead(AbstractChannelHandlerContext.java:373) [netty-transport-4.1.6.Final.jar:4.1.6.Final]
	at io.netty.channel.AbstractChannelHandlerContext.invokeChannelRead(AbstractChannelHandlerContext.java:359) [netty-transport-4.1.6.Final.jar:4.1.6.Final]
	at io.netty.channel.AbstractChannelHandlerContext.fireChannelRead(AbstractChannelHandlerContext.java:351) [netty-transport-4.1.6.Final.jar:4.1.6.Final]
	at io.netty.handler.codec.MessageToMessageDecoder.channelRead(MessageToMessageDecoder.java:102) [netty-codec-4.1.6.Final.jar:4.1.6.Final]
	at io.netty.handler.codec.MessageToMessageCodec.channelRead(MessageToMessageCodec.java:111) [netty-codec-4.1.6.Final.jar:4.1.6.Final]
	at io.netty.channel.AbstractChannelHandlerContext.invokeChannelRead(AbstractChannelHandlerContext.java:373) [netty-transport-4.1.6.Final.jar:4.1.6.Final]
	at io.netty.channel.AbstractChannelHandlerContext.invokeChannelRead(AbstractChannelHandlerContext.java:359) [netty-transport-4.1.6.Final.jar:4.1.6.Final]
	at io.netty.channel.AbstractChannelHandlerContext.fireChannelRead(AbstractChannelHandlerContext.java:351) [netty-transport-4.1.6.Final.jar:4.1.6.Final]
	at io.netty.handler.codec.MessageToMessageDecoder.channelRead(MessageToMessageDecoder.java:102) [netty-codec-4.1.6.Final.jar:4.1.6.Final]
	at io.netty.channel.AbstractChannelHandlerContext.invokeChannelRead(AbstractChannelHandlerContext.java:373) [netty-transport-4.1.6.Final.jar:4.1.6.Final]
	at io.netty.channel.AbstractChannelHandlerContext.invokeChannelRead(AbstractChannelHandlerContext.java:359) [netty-transport-4.1.6.Final.jar:4.1.6.Final]
	at io.netty.channel.AbstractChannelHandlerContext.fireChannelRead(AbstractChannelHandlerContext.java:351) [netty-transport-4.1.6.Final.jar:4.1.6.Final]
	at io.netty.handler.codec.MessageToMessageDecoder.channelRead(MessageToMessageDecoder.java:102) [netty-codec-4.1.6.Final.jar:4.1.6.Final]
	at io.netty.channel.AbstractChannelHandlerContext.invokeChannelRead(AbstractChannelHandlerContext.java:373) [netty-transport-4.1.6.Final.jar:4.1.6.Final]
	at io.netty.channel.AbstractChannelHandlerContext.invokeChannelRead(AbstractChannelHandlerContext.java:359) [netty-transport-4.1.6.Final.jar:4.1.6.Final]
	at io.netty.channel.AbstractChannelHandlerContext.fireChannelRead(AbstractChannelHandlerContext.java:351) [netty-transport-4.1.6.Final.jar:4.1.6.Final]
	at io.netty.handler.codec.ByteToMessageDecoder.fireChannelRead(ByteToMessageDecoder.java:293) [netty-codec-4.1.6.Final.jar:4.1.6.Final]
	at io.netty.handler.codec.ByteToMessageDecoder.channelRead(ByteToMessageDecoder.java:267) [netty-codec-4.1.6.Final.jar:4.1.6.Final]
	at io.netty.channel.AbstractChannelHandlerContext.invokeChannelRead(AbstractChannelHandlerContext.java:373) [netty-transport-4.1.6.Final.jar:4.1.6.Final]
	at io.netty.channel.AbstractChannelHandlerContext.invokeChannelRead(AbstractChannelHandlerContext.java:359) [netty-transport-4.1.6.Final.jar:4.1.6.Final]
	at io.netty.channel.AbstractChannelHandlerContext.fireChannelRead(AbstractChannelHandlerContext.java:351) [netty-transport-4.1.6.Final.jar:4.1.6.Final]
	at io.netty.channel.ChannelInboundHandlerAdapter.channelRead(ChannelInboundHandlerAdapter.java:86) [netty-transport-4.1.6.Final.jar:4.1.6.Final]
	at io.netty.channel.AbstractChannelHandlerContext.invokeChannelRead(AbstractChannelHandlerContext.java:373) [netty-transport-4.1.6.Final.jar:4.1.6.Final]
	at io.netty.channel.AbstractChannelHandlerContext.invokeChannelRead(AbstractChannelHandlerContext.java:359) [netty-transport-4.1.6.Final.jar:4.1.6.Final]
	at io.netty.channel.AbstractChannelHandlerContext.fireChannelRead(AbstractChannelHandlerContext.java:351) [netty-transport-4.1.6.Final.jar:4.1.6.Final]
	at io.netty.channel.DefaultChannelPipeline$HeadContext.channelRead(DefaultChannelPipeline.java:1334) [netty-transport-4.1.6.Final.jar:4.1.6.Final]
	at io.netty.channel.AbstractChannelHandlerContext.invokeChannelRead(AbstractChannelHandlerContext.java:373) [netty-transport-4.1.6.Final.jar:4.1.6.Final]
	at io.netty.channel.AbstractChannelHandlerContext.invokeChannelRead(AbstractChannelHandlerContext.java:359) [netty-transport-4.1.6.Final.jar:4.1.6.Final]
	at io.netty.channel.DefaultChannelPipeline.fireChannelRead(DefaultChannelPipeline.java:926) [netty-transport-4.1.6.Final.jar:4.1.6.Final]
	at io.netty.channel.nio.AbstractNioByteChannel$NioByteUnsafe.read(AbstractNioByteChannel.java:129) [netty-transport-4.1.6.Final.jar:4.1.6.Final]
	at io.netty.channel.nio.NioEventLoop.processSelectedKey(NioEventLoop.java:651) [netty-transport-4.1.6.Final.jar:4.1.6.Final]
	at io.netty.channel.nio.NioEventLoop.processSelectedKeysPlain(NioEventLoop.java:536) [netty-transport-4.1.6.Final.jar:4.1.6.Final]
	at io.netty.channel.nio.NioEventLoop.processSelectedKeys(NioEventLoop.java:490) [netty-transport-4.1.6.Final.jar:4.1.6.Final]
	at io.netty.channel.nio.NioEventLoop.run(NioEventLoop.java:450) [netty-transport-4.1.6.Final.jar:4.1.6.Final]
	at io.netty.util.concurrent.SingleThreadEventExecutor$5.run(SingleThreadEventExecutor.java:873) [netty-common-4.1.6.Final.jar:4.1.6.Final]
	at java.lang.Thread.run(Thread.java:745) [?:1.8.0_111]
[2016-12-25T15:15:51,990][INFO ][o.e.c.m.MetaDataCreateIndexService] [EUGVp22] [.kibana] creating index, cause [api], templates [], shards [1]/[1], mappings [server, config]
[2016-12-25T15:17:08,673][INFO ][o.e.c.m.MetaDataMappingService] [EUGVp22] [.kibana/KPFlbQqhS4CxhgCHiocLBg] create_mapping [index-pattern]
[2016-12-25T15:20:35,106][INFO ][o.e.c.m.MetaDataMappingService] [EUGVp22] [.kibana/KPFlbQqhS4CxhgCHiocLBg] update_mapping [config]
[2016-12-25T15:20:37,507][INFO ][o.e.c.m.MetaDataMappingService] [EUGVp22] [.kibana/KPFlbQqhS4CxhgCHiocLBg] create_mapping [search]
[2016-12-25T15:24:47,070][INFO ][o.e.c.m.MetaDataMappingService] [EUGVp22] [.kibana/KPFlbQqhS4CxhgCHiocLBg] create_mapping [dashboard]
[2016-12-25T15:24:50,414][INFO ][o.e.c.m.MetaDataMappingService] [EUGVp22] [.kibana/KPFlbQqhS4CxhgCHiocLBg] create_mapping [timelion-sheet]
[2016-12-25T15:34:45,901][INFO ][o.e.c.m.MetaDataCreateIndexService] [EUGVp22] [hihi] creating index, cause [auto(index api)], templates [], shards [5]/[1], mappings []
[2016-12-25T15:34:48,039][INFO ][o.e.c.m.MetaDataMappingService] [EUGVp22] [hihi/Bu30zea2Q5iZOpSOd8DOQw] create_mapping [bear]
[2016-12-25T15:38:05,792][INFO ][o.e.c.m.MetaDataMappingService] [EUGVp22] [.kibana/KPFlbQqhS4CxhgCHiocLBg] create_mapping [visualization]
[2016-12-25T15:44:15,017][INFO ][o.e.c.m.MetaDataCreateIndexService] [EUGVp22] [zz] creating index, cause [auto(index api)], templates [], shards [5]/[1], mappings []
[2016-12-25T15:44:17,652][INFO ][o.e.c.m.MetaDataMappingService] [EUGVp22] [zz/ZCgmnC-TS4mQa0QAGUZHIQ] create_mapping [bear]
[2016-12-25T15:51:21,514][INFO ][o.e.c.m.MetaDataCreateIndexService] [EUGVp22] [yyyy] creating index, cause [auto(index api)], templates [], shards [5]/[1], mappings []
[2016-12-25T15:51:22,954][INFO ][o.e.c.m.MetaDataMappingService] [EUGVp22] [yyyy/dmMCm8mGQeSEXuOkQQuHQQ] create_mapping [bear]
[2016-12-25T15:52:37,449][INFO ][o.e.c.m.MetaDataCreateIndexService] [EUGVp22] [zzzz] creating index, cause [auto(index api)], templates [], shards [5]/[1], mappings []
[2016-12-25T15:52:38,823][INFO ][o.e.c.m.MetaDataMappingService] [EUGVp22] [zzzz/rOMajNw8Q6u-Ex56Bj005A] create_mapping [bear]
[2016-12-25T20:53:25,814][INFO ][o.e.c.m.MetaDataMappingService] [EUGVp22] [request/lJXfHU9YSQO1eZiCP8QZng] update_mapping [bear]
[2016-12-25T21:28:42,513][INFO ][o.e.c.m.MetaDataMappingService] [EUGVp22] [query/aSrDcTDRS0e7rQM8OPnF0A] update_mapping [bear]
[2016-12-25T21:31:58,800][INFO ][o.e.c.m.MetaDataCreateIndexService] [EUGVp22] [cmd] creating index, cause [auto(index api)], templates [], shards [5]/[1], mappings []
[2016-12-25T21:32:01,597][INFO ][o.e.c.m.MetaDataMappingService] [EUGVp22] [cmd/EJ8Ihn-9R0OZSNlGyZoa-g] create_mapping [bear]
[2016-12-25T21:51:13,912][INFO ][o.e.c.m.MetaDataCreateIndexService] [EUGVp22] [request] creating index, cause [auto(index api)], templates [], shards [5]/[1], mappings []
[2016-12-25T21:51:15,184][INFO ][o.e.c.m.MetaDataMappingService] [EUGVp22] [request/i57dDNWsQKCiyuv6BH2cJw] create_mapping [bear]
[2016-12-25T21:51:15,302][INFO ][o.e.c.m.MetaDataCreateIndexService] [EUGVp22] [uid] creating index, cause [auto(index api)], templates [], shards [5]/[1], mappings []
[2016-12-25T21:51:17,136][INFO ][o.e.c.m.MetaDataMappingService] [EUGVp22] [uid/nd1odMQpRWqz0so5M5d1Eg] create_mapping [bear]
[2016-12-25T21:51:22,072][INFO ][o.e.c.m.MetaDataMappingService] [EUGVp22] [request/i57dDNWsQKCiyuv6BH2cJw] update_mapping [bear]
[2016-12-25T21:54:33,147][INFO ][o.e.c.m.MetaDataCreateIndexService] [EUGVp22] [query] creating index, cause [auto(index api)], templates [], shards [5]/[1], mappings []
[2016-12-25T21:54:33,935][INFO ][o.e.c.m.MetaDataMappingService] [EUGVp22] [query/v8HcpQhGS_GkpBUmKk-GwA] create_mapping [bear]
