[2017-01-11T22:01:59,733][INFO ][o.e.n.Node               ] [] initializing ...
[2017-01-11T22:02:00,111][INFO ][o.e.e.NodeEnvironment    ] [EUGVp22] using [1] data paths, mounts [[(C:)]], net usable_space [35.4gb], net total_space [138.9gb], spins? [unknown], types [NTFS]
[2017-01-11T22:02:00,111][INFO ][o.e.e.NodeEnvironment    ] [EUGVp22] heap size [1.9gb], compressed ordinary object pointers [true]
[2017-01-11T22:02:00,614][INFO ][o.e.n.Node               ] node name [EUGVp22] derived from node ID [EUGVp22ARzi9lWkEOCD8nQ]; set [node.name] to override
[2017-01-11T22:02:00,640][INFO ][o.e.n.Node               ] version[5.1.1], pid[9712], build[5395e21/2016-12-06T12:36:15.409Z], OS[Windows 10/10.0/amd64], JVM[Oracle Corporation/Java HotSpot(TM) 64-Bit Server VM/1.8.0_111/25.111-b14]
[2017-01-11T22:02:08,059][INFO ][o.e.p.PluginsService     ] [EUGVp22] loaded module [aggs-matrix-stats]
[2017-01-11T22:02:08,059][INFO ][o.e.p.PluginsService     ] [EUGVp22] loaded module [ingest-common]
[2017-01-11T22:02:08,059][INFO ][o.e.p.PluginsService     ] [EUGVp22] loaded module [lang-expression]
[2017-01-11T22:02:08,060][INFO ][o.e.p.PluginsService     ] [EUGVp22] loaded module [lang-groovy]
[2017-01-11T22:02:08,060][INFO ][o.e.p.PluginsService     ] [EUGVp22] loaded module [lang-mustache]
[2017-01-11T22:02:08,060][INFO ][o.e.p.PluginsService     ] [EUGVp22] loaded module [lang-painless]
[2017-01-11T22:02:08,060][INFO ][o.e.p.PluginsService     ] [EUGVp22] loaded module [percolator]
[2017-01-11T22:02:08,061][INFO ][o.e.p.PluginsService     ] [EUGVp22] loaded module [reindex]
[2017-01-11T22:02:08,061][INFO ][o.e.p.PluginsService     ] [EUGVp22] loaded module [transport-netty3]
[2017-01-11T22:02:08,061][INFO ][o.e.p.PluginsService     ] [EUGVp22] loaded module [transport-netty4]
[2017-01-11T22:02:08,062][INFO ][o.e.p.PluginsService     ] [EUGVp22] no plugins loaded
[2017-01-11T22:02:23,178][INFO ][o.e.n.Node               ] initialized
[2017-01-11T22:02:23,179][INFO ][o.e.n.Node               ] [EUGVp22] starting ...
[2017-01-11T22:02:24,856][INFO ][o.e.t.TransportService   ] [EUGVp22] publish_address {192.168.1.102:9300}, bound_addresses {[::]:9300}
[2017-01-11T22:02:24,861][INFO ][o.e.b.BootstrapCheck     ] [EUGVp22] bound or publishing to a non-loopback or non-link-local address, enforcing bootstrap checks
[2017-01-11T22:02:29,030][INFO ][o.e.c.s.ClusterService   ] [EUGVp22] new_master {EUGVp22}{EUGVp22ARzi9lWkEOCD8nQ}{95qzTW3FQ7Ks-qujhqAehA}{192.168.1.102}{192.168.1.102:9300}, reason: zen-disco-elected-as-master ([0] nodes joined)
[2017-01-11T22:02:29,876][INFO ][o.e.h.HttpServer         ] [EUGVp22] publish_address {192.168.1.102:9200}, bound_addresses {[::]:9200}
[2017-01-11T22:02:29,876][INFO ][o.e.n.Node               ] [EUGVp22] started
[2017-01-11T22:02:30,247][INFO ][o.e.g.GatewayService     ] [EUGVp22] recovered [11] indices into cluster_state
[2017-01-11T22:02:58,860][INFO ][o.e.c.r.a.AllocationService] [EUGVp22] Cluster health status changed from [RED] to [YELLOW] (reason: [shards started [[movies][1], [movies][2]] ...]).
[2017-01-11T22:08:28,636][INFO ][o.e.n.Node               ] [EUGVp22] stopping ...
[2017-01-11T22:08:28,676][INFO ][o.e.n.Node               ] [EUGVp22] stopped
[2017-01-11T22:08:28,677][INFO ][o.e.n.Node               ] [EUGVp22] closing ...
[2017-01-11T22:08:28,683][INFO ][o.e.n.Node               ] [EUGVp22] closed
