[2017-01-17T23:38:29,955][INFO ][o.e.n.Node               ] [] initializing ...
[2017-01-17T23:38:30,245][INFO ][o.e.e.NodeEnvironment    ] [EUGVp22] using [1] data paths, mounts [[(C:)]], net usable_space [34.2gb], net total_space [138.9gb], spins? [unknown], types [NTFS]
[2017-01-17T23:38:30,245][INFO ][o.e.e.NodeEnvironment    ] [EUGVp22] heap size [1.9gb], compressed ordinary object pointers [true]
[2017-01-17T23:38:30,361][INFO ][o.e.n.Node               ] node name [EUGVp22] derived from node ID [EUGVp22ARzi9lWkEOCD8nQ]; set [node.name] to override
[2017-01-17T23:38:30,374][INFO ][o.e.n.Node               ] version[5.1.1], pid[12668], build[5395e21/2016-12-06T12:36:15.409Z], OS[Windows 10/10.0/amd64], JVM[Oracle Corporation/Java HotSpot(TM) 64-Bit Server VM/1.8.0_111/25.111-b14]
[2017-01-17T23:38:32,026][INFO ][o.e.p.PluginsService     ] [EUGVp22] loaded module [aggs-matrix-stats]
[2017-01-17T23:38:32,026][INFO ][o.e.p.PluginsService     ] [EUGVp22] loaded module [ingest-common]
[2017-01-17T23:38:32,027][INFO ][o.e.p.PluginsService     ] [EUGVp22] loaded module [lang-expression]
[2017-01-17T23:38:32,027][INFO ][o.e.p.PluginsService     ] [EUGVp22] loaded module [lang-groovy]
[2017-01-17T23:38:32,027][INFO ][o.e.p.PluginsService     ] [EUGVp22] loaded module [lang-mustache]
[2017-01-17T23:38:32,027][INFO ][o.e.p.PluginsService     ] [EUGVp22] loaded module [lang-painless]
[2017-01-17T23:38:32,028][INFO ][o.e.p.PluginsService     ] [EUGVp22] loaded module [percolator]
[2017-01-17T23:38:32,028][INFO ][o.e.p.PluginsService     ] [EUGVp22] loaded module [reindex]
[2017-01-17T23:38:32,028][INFO ][o.e.p.PluginsService     ] [EUGVp22] loaded module [transport-netty3]
[2017-01-17T23:38:32,028][INFO ][o.e.p.PluginsService     ] [EUGVp22] loaded module [transport-netty4]
[2017-01-17T23:38:32,028][INFO ][o.e.p.PluginsService     ] [EUGVp22] no plugins loaded
[2017-01-17T23:38:35,952][INFO ][o.e.n.Node               ] initialized
[2017-01-17T23:38:35,952][INFO ][o.e.n.Node               ] [EUGVp22] starting ...
[2017-01-17T23:38:37,528][INFO ][o.e.t.TransportService   ] [EUGVp22] publish_address {192.168.1.102:9300}, bound_addresses {[::]:9300}
[2017-01-17T23:38:37,531][INFO ][o.e.b.BootstrapCheck     ] [EUGVp22] bound or publishing to a non-loopback or non-link-local address, enforcing bootstrap checks
[2017-01-17T23:38:41,696][INFO ][o.e.c.s.ClusterService   ] [EUGVp22] new_master {EUGVp22}{EUGVp22ARzi9lWkEOCD8nQ}{44wrBWhBQimYDAeaePn6Uw}{192.168.1.102}{192.168.1.102:9300}, reason: zen-disco-elected-as-master ([0] nodes joined)
[2017-01-17T23:38:42,306][INFO ][o.e.g.GatewayService     ] [EUGVp22] recovered [5] indices into cluster_state
[2017-01-17T23:38:42,422][INFO ][o.e.h.HttpServer         ] [EUGVp22] publish_address {192.168.1.102:9200}, bound_addresses {[::]:9200}
[2017-01-17T23:38:42,423][INFO ][o.e.n.Node               ] [EUGVp22] started
[2017-01-17T23:38:46,755][INFO ][o.e.c.r.a.AllocationService] [EUGVp22] Cluster health status changed from [RED] to [YELLOW] (reason: [shards started [[.kibana][0], [request][3]] ...]).
[2017-01-17T23:42:04,757][INFO ][o.e.c.m.MetaDataCreateIndexService] [EUGVp22] [snapshot] creating index, cause [auto(index api)], templates [], shards [5]/[1], mappings []
[2017-01-17T23:42:06,172][INFO ][o.e.c.m.MetaDataMappingService] [EUGVp22] [snapshot/PQW0T6OaRLuju5SxA4IqUQ] create_mapping [bear]
[2017-01-17T23:42:12,915][INFO ][o.e.b.Bootstrap          ] running graceful exit on windows
[2017-01-17T23:42:12,915][INFO ][o.e.n.Node               ] [EUGVp22] stopping ...
[2017-01-17T23:42:13,195][INFO ][o.e.n.Node               ] [EUGVp22] stopped
[2017-01-17T23:42:13,195][INFO ][o.e.n.Node               ] [EUGVp22] closing ...
[2017-01-17T23:42:13,203][INFO ][o.e.n.Node               ] [EUGVp22] closed
